::1 - - [10/Jun/2022:15:47:14 -0500] "POST /wp-cron.php?doing_wp_cron=1654894033.2272970676422119140625 HTTP/1.1" 200 -
::1 - - [10/Jun/2022:15:47:20 -0500] "POST /wp-cron.php?doing_wp_cron=1654894040.4842479228973388671875 HTTP/1.1" 200 -
::1 - - [10/Jun/2022:15:47:20 -0500] "GET /wp-admin/ HTTP/1.1" 302 -
::1 - - [10/Jun/2022:15:47:22 -0500] "GET /wp-login.php?redirect_to=http%3A%2F%2Flocalhost%3A10004%2Fwp-admin%2F&reauth=1 HTTP/1.1" 200 5130
::1 - - [10/Jun/2022:15:47:22 -0500] "GET /wp-includes/css/dashicons.min.css?ver=6.0 HTTP/1.1" 200 59016
::1 - - [10/Jun/2022:15:47:22 -0500] "GET /wp-includes/css/buttons.min.css?ver=6.0 HTTP/1.1" 200 5854
::1 - - [10/Jun/2022:15:47:22 -0500] "GET /wp-admin/css/forms.min.css?ver=6.0 HTTP/1.1" 200 25438
::1 - - [10/Jun/2022:15:47:22 -0500] "GET /wp-admin/css/l10n.min.css?ver=6.0 HTTP/1.1" 200 2477
::1 - - [10/Jun/2022:15:47:22 -0500] "GET /wp-admin/css/login.min.css?ver=6.0 HTTP/1.1" 200 6315
::1 - - [10/Jun/2022:15:47:22 -0500] "GET /wp-includes/js/jquery/jquery.min.js?ver=3.6.0 HTTP/1.1" 200 89521
::1 - - [10/Jun/2022:15:47:22 -0500] "GET /wp-includes/js/jquery/jquery-migrate.min.js?ver=3.3.2 HTTP/1.1" 200 11224
::1 - - [10/Jun/2022:15:47:22 -0500] "GET /wp-includes/js/zxcvbn-async.min.js?ver=1.0 HTTP/1.1" 200 351
::1 - - [10/Jun/2022:15:47:22 -0500] "GET /wp-includes/js/dist/vendor/regenerator-runtime.min.js?ver=0.13.9 HTTP/1.1" 200 6475
::1 - - [10/Jun/2022:15:47:22 -0500] "GET /wp-includes/js/dist/vendor/wp-polyfill.min.js?ver=3.15.0 HTTP/1.1" 200 19142
::1 - - [10/Jun/2022:15:47:22 -0500] "GET /wp-includes/js/dist/hooks.min.js?ver=c6d64f2cb8f5c6bb49caca37f8828ce3 HTTP/1.1" 200 4910
::1 - - [10/Jun/2022:15:47:22 -0500] "GET /wp-includes/js/dist/i18n.min.js?ver=ebee46757c6a411e38fd079a7ac71d94 HTTP/1.1" 200 10222
::1 - - [10/Jun/2022:15:47:22 -0500] "GET /wp-admin/js/password-strength-meter.min.js?ver=6.0 HTTP/1.1" 200 1123
::1 - - [10/Jun/2022:15:47:22 -0500] "GET /wp-includes/js/underscore.min.js?ver=1.13.3 HTTP/1.1" 200 18911
::1 - - [10/Jun/2022:15:47:22 -0500] "GET /wp-admin/js/user-profile.min.js?ver=6.0 HTTP/1.1" 200 6187
::1 - - [10/Jun/2022:15:47:22 -0500] "GET /wp-includes/js/wp-util.min.js?ver=6.0 HTTP/1.1" 200 1340
::1 - - [10/Jun/2022:15:47:23 -0500] "GET /wp-admin/images/wordpress-logo.svg?ver=20131107 HTTP/1.1" 200 1521
::1 - - [10/Jun/2022:15:47:23 -0500] "GET /wp-includes/js/zxcvbn.min.js HTTP/1.1" 200 822237
::1 - - [10/Jun/2022:15:47:23 -0500] "GET /favicon.ico HTTP/1.1" 302 -
::1 - - [10/Jun/2022:15:47:24 -0500] "GET /wp-includes/images/w-logo-blue-white-bg.png HTTP/1.1" 200 4119
::1 - - [10/Jun/2022:15:47:30 -0500] "POST /wp-login.php HTTP/1.1" 302 -
::1 - - [10/Jun/2022:15:47:30 -0500] "GET /wp-admin/ HTTP/1.1" 200 67731
::1 - - [10/Jun/2022:15:47:32 -0500] "GET /wp-includes/js/thickbox/thickbox.css?ver=6.0 HTTP/1.1" 200 2659
::1 - - [10/Jun/2022:15:47:32 -0500] "GET /wp-includes/css/editor.min.css?ver=6.0 HTTP/1.1" 200 27188
::1 - - [10/Jun/2022:15:47:32 -0500] "GET /wp-admin/js/common.min.js?ver=6.0 HTTP/1.1" 200 20038
::1 - - [10/Jun/2022:15:47:32 -0500] "GET /wp-includes/js/hoverintent-js.min.js?ver=2.2.1 HTTP/1.1" 200 1718
::1 - - [10/Jun/2022:15:47:32 -0500] "GET /wp-includes/js/admin-bar.min.js?ver=6.0 HTTP/1.1" 200 3548
::1 - - [10/Jun/2022:15:47:32 -0500] "GET /wp-includes/js/clipboard.min.js?ver=2.0.10 HTTP/1.1" 200 8908
::1 - - [10/Jun/2022:15:47:32 -0500] "GET /wp-includes/js/dist/dom-ready.min.js?ver=d996b53411d1533a84951212ab6ac4ff HTTP/1.1" 200 498
::1 - - [10/Jun/2022:15:47:32 -0500] "GET /wp-includes/js/dist/a11y.min.js?ver=a38319d7ba46c6e60f7f9d4c371222c5 HTTP/1.1" 200 2508
::1 - - [10/Jun/2022:15:47:32 -0500] "GET /wp-includes/js/api-request.min.js?ver=6.0 HTTP/1.1" 200 1023
::1 - - [10/Jun/2022:15:47:32 -0500] "GET /wp-includes/js/dist/vendor/lodash.min.js?ver=4.17.19 HTTP/1.1" 200 71098
::1 - - [10/Jun/2022:15:47:32 -0500] "GET /wp-includes/js/dist/url.min.js?ver=16385e4d69da65c7283790971de6b297 HTTP/1.1" 200 4891
::1 - - [10/Jun/2022:15:47:32 -0500] "GET /wp-admin/js/site-health.min.js?ver=6.0 HTTP/1.1" 200 6142
::1 - - [10/Jun/2022:15:47:32 -0500] "GET /wp-includes/js/wp-ajax-response.min.js?ver=6.0 HTTP/1.1" 200 2306
::1 - - [10/Jun/2022:15:47:32 -0500] "GET /wp-includes/js/jquery/jquery.color.min.js?ver=2.2.0 HTTP/1.1" 200 7047
::1 - - [10/Jun/2022:15:47:32 -0500] "GET /wp-includes/js/wp-lists.min.js?ver=6.0 HTTP/1.1" 200 7446
::1 - - [10/Jun/2022:15:47:32 -0500] "GET /wp-includes/js/quicktags.min.js?ver=6.0 HTTP/1.1" 200 11132
::1 - - [10/Jun/2022:15:47:32 -0500] "GET /wp-admin/load-styles.php?c=0&dir=ltr&load%5Bchunk_0%5D=dashicons,admin-bar,site-health,common,forms,admin-menu,dashboard,list-tables,edit,revisions,media,themes,about,nav-menus,wp-poi&load%5Bchunk_1%5D=nter,widgets,site-icon,l10n,buttons,wp-auth-check&ver=6.0 HTTP/1.1" 200 394049
::1 - - [10/Jun/2022:15:47:32 -0500] "GET /wp-includes/js/jquery/jquery.query.js?ver=2.2.3 HTTP/1.1" 200 3694
::1 - - [10/Jun/2022:15:47:32 -0500] "GET /wp-admin/js/edit-comments.min.js?ver=6.0 HTTP/1.1" 200 15317
::1 - - [10/Jun/2022:15:47:32 -0500] "GET /wp-includes/js/jquery/ui/core.min.js?ver=1.13.1 HTTP/1.1" 200 20715
::1 - - [10/Jun/2022:15:47:32 -0500] "GET /wp-includes/js/jquery/ui/mouse.min.js?ver=1.13.1 HTTP/1.1" 200 3411
::1 - - [10/Jun/2022:15:47:32 -0500] "GET /wp-includes/js/jquery/ui/sortable.min.js?ver=1.13.1 HTTP/1.1" 200 25455
::1 - - [10/Jun/2022:15:47:32 -0500] "GET /wp-admin/js/postbox.min.js?ver=6.0 HTTP/1.1" 200 6713
::1 - - [10/Jun/2022:15:47:32 -0500] "GET /wp-includes/js/dist/vendor/moment.min.js?ver=2.29.2 HTTP/1.1" 200 58023
::1 - - [10/Jun/2022:15:47:32 -0500] "GET /wp-includes/js/dist/date.min.js?ver=e0e02b3a1c7037e6cb893486d4680631 HTTP/1.1" 200 202159
::1 - - [10/Jun/2022:15:47:32 -0500] "GET /wp-admin/js/dashboard.min.js?ver=6.0 HTTP/1.1" 200 8797
::1 - - [10/Jun/2022:15:47:32 -0500] "GET /wp-includes/js/thickbox/thickbox.js?ver=3.1-20121105 HTTP/1.1" 200 13194
::1 - - [10/Jun/2022:15:47:32 -0500] "GET /wp-includes/js/wp-sanitize.min.js?ver=6.0 HTTP/1.1" 200 458
::1 - - [10/Jun/2022:15:47:32 -0500] "GET /wp-admin/js/plugin-install.min.js?ver=6.0 HTTP/1.1" 200 2403
::1 - - [10/Jun/2022:15:47:32 -0500] "GET /wp-admin/js/updates.min.js?ver=6.0 HTTP/1.1" 200 41355
::1 - - [10/Jun/2022:15:47:32 -0500] "GET /wp-includes/js/shortcode.min.js?ver=6.0 HTTP/1.1" 200 2651
::1 - - [10/Jun/2022:15:47:32 -0500] "GET /wp-admin/js/media-upload.min.js?ver=6.0 HTTP/1.1" 200 1152
::1 - - [10/Jun/2022:15:47:32 -0500] "GET /wp-admin/js/svg-painter.js?ver=6.0 HTTP/1.1" 200 5522
::1 - - [10/Jun/2022:15:47:32 -0500] "GET /wp-includes/js/heartbeat.min.js?ver=6.0 HTTP/1.1" 200 5934
::1 - - [10/Jun/2022:15:47:32 -0500] "GET /wp-includes/js/wp-auth-check.min.js?ver=6.0 HTTP/1.1" 200 1658
::1 - - [10/Jun/2022:15:47:32 -0500] "GET /wp-includes/js/wplink.min.js?ver=6.0 HTTP/1.1" 200 11266
::1 - - [10/Jun/2022:15:47:32 -0500] "GET /wp-includes/js/jquery/ui/menu.min.js?ver=1.13.1 HTTP/1.1" 200 10114
::1 - - [10/Jun/2022:15:47:32 -0500] "GET /wp-includes/js/jquery/ui/autocomplete.min.js?ver=1.13.1 HTTP/1.1" 200 8524
::1 - - [10/Jun/2022:15:47:32 -0500] "GET /wp-admin/load-scripts.php?c=0&load%5Bchunk_0%5D=jquery-core,jquery-migrate,utils&ver=6.0 HTTP/1.1" 200 102614
::1 - - [10/Jun/2022:15:47:33 -0500] "GET /wp-includes/js/wp-emoji-release.min.js?ver=6.0 HTTP/1.1" 200 18617
::1 - - [10/Jun/2022:15:47:32 -0500] "GET /wp-admin/load-scripts.php?c=0&load%5Bchunk_0%5D=hoverIntent,regenerator-runtime,wp-polyfill,wp-hooks&ver=6.0 HTTP/1.1" 200 32030
::1 - - [10/Jun/2022:15:47:33 -0500] "GET /wp-includes/js/thickbox/loadingAnimation.gif HTTP/1.1" 200 15238
::1 - - [10/Jun/2022:15:47:33 -0500] "GET /wp-admin/admin-ajax.php?action=wp-compression-test&test=1&_ajax_nonce=0d6905c613&1654894053641 HTTP/1.1" 200 1114
::1 - - [10/Jun/2022:15:47:33 -0500] "POST /wp-admin/admin-ajax.php HTTP/1.1" 200 92
::1 - - [10/Jun/2022:15:47:34 -0500] "GET /wp-admin/images/spinner-2x.gif HTTP/1.1" 200 7536
::1 - - [10/Jun/2022:15:47:34 -0500] "GET /wp-admin/admin-ajax.php?action=wp-compression-test&test=2&_ajax_nonce=0d6905c613&1654894054381 HTTP/1.1" 200 572
::1 - - [10/Jun/2022:15:47:34 -0500] "GET /wp-admin/admin-ajax.php?action=wp-compression-test&test=yes&_ajax_nonce=0d6905c613&1654894054842 HTTP/1.1" 200 1
::1 - - [10/Jun/2022:15:47:33 -0500] "GET /wp-admin/admin-ajax.php?action=dashboard-widgets&widget=dashboard_primary&pagenow=dashboard HTTP/1.1" 200 1080
::1 - - [10/Jun/2022:15:48:34 -0500] "\x16\x03\x01\x02" 400 226
::1 - - [10/Jun/2022:15:48:34 -0500] "\x16\x03\x01\x02" 400 226
::1 - - [10/Jun/2022:15:48:34 -0500] "POST /wp-cron.php?doing_wp_cron=1654894114.1101429462432861328125 HTTP/1.1" 200 -
::1 - - [10/Jun/2022:15:48:33 -0500] "POST /wp-admin/admin-ajax.php HTTP/1.1" 200 47
::1 - - [10/Jun/2022:15:49:33 -0500] "POST /wp-admin/admin-ajax.php HTTP/1.1" 200 47
::1 - - [10/Jun/2022:15:50:33 -0500] "POST /wp-admin/admin-ajax.php HTTP/1.1" 200 47
::1 - - [10/Jun/2022:15:51:33 -0500] "POST /wp-admin/admin-ajax.php HTTP/1.1" 200 47
::1 - - [10/Jun/2022:15:52:33 -0500] "POST /wp-admin/admin-ajax.php HTTP/1.1" 200 47
::1 - - [10/Jun/2022:15:53:33 -0500] "POST /wp-admin/admin-ajax.php HTTP/1.1" 200 47
::1 - - [10/Jun/2022:15:54:33 -0500] "POST /wp-admin/admin-ajax.php HTTP/1.1" 200 47
::1 - - [10/Jun/2022:15:54:51 -0500] "GET /wp-admin/themes.php HTTP/1.1" 200 51826
::1 - - [10/Jun/2022:15:54:52 -0500] "GET /wp-admin/load-scripts.php?c=1&load%5Bchunk_0%5D=jquery-core,jquery-migrate,utils&ver=6.0 HTTP/1.1" 200 102614
::1 - - [10/Jun/2022:15:54:52 -0500] "GET /wp-admin/load-styles.php?c=1&dir=ltr&load%5Bchunk_0%5D=dashicons,admin-bar,common,forms,admin-menu,dashboard,list-tables,edit,revisions,media,themes,about,nav-menus,wp-pointer,widgets&load%5Bchunk_1%5D=,site-icon,l10n,buttons,wp-auth-check&ver=6.0 HTTP/1.1" 200 388926
::1 - - [10/Jun/2022:15:54:52 -0500] "GET /wp-admin/load-scripts.php?c=1&load%5Bchunk_0%5D=hoverIntent,regenerator-runtime,wp-polyfill,wp-hooks&ver=6.0 HTTP/1.1" 200 32030
::1 - - [10/Jun/2022:15:54:52 -0500] "GET /wp-includes/js/backbone.min.js?ver=1.4.1 HTTP/1.1" 200 23929
::1 - - [10/Jun/2022:15:54:52 -0500] "GET /wp-includes/js/wp-backbone.min.js?ver=6.0 HTTP/1.1" 200 3039
::1 - - [10/Jun/2022:15:54:52 -0500] "GET /wp-includes/js/customize-base.min.js?ver=6.0 HTTP/1.1" 200 7852
::1 - - [10/Jun/2022:15:54:52 -0500] "GET /wp-admin/js/theme.min.js?ver=6.0 HTTP/1.1" 200 26987
::1 - - [10/Jun/2022:15:54:52 -0500] "GET /wp-content/themes/twentytwentytwo/screenshot.png?ver=1.2 HTTP/1.1" 200 162290
::1 - - [10/Jun/2022:15:54:52 -0500] "GET /wp-content/themes/twentytwenty/screenshot.png?ver=2.0 HTTP/1.1" 200 53066
::1 - - [10/Jun/2022:15:54:52 -0500] "GET /wp-content/themes/twentytwentyone/screenshot.png?ver=1.6 HTTP/1.1" 200 282897
::1 - - [10/Jun/2022:15:55:11 -0500] "GET /wp-admin/undefined HTTP/1.1" 404 67101
::1 - - [10/Jun/2022:15:55:53 -0500] "POST /wp-admin/admin-ajax.php HTTP/1.1" 200 47
::1 - - [10/Jun/2022:15:57:53 -0500] "POST /wp-admin/admin-ajax.php HTTP/1.1" 200 47
::1 - - [10/Jun/2022:15:58:29 -0500] "GET /wp-admin/themes.php?theme=yardsales HTTP/1.1" 200 53045
::1 - - [10/Jun/2022:15:58:31 -0500] "GET /wp-admin/undefined HTTP/1.1" 404 67101
::1 - - [10/Jun/2022:15:58:32 -0500] "GET /favicon.ico HTTP/1.1" 302 -
::1 - - [10/Jun/2022:15:59:29 -0500] "-" 408 -
::1 - - [10/Jun/2022:15:59:31 -0500] "POST /wp-admin/admin-ajax.php HTTP/1.1" 200 47
::1 - - [10/Jun/2022:16:00:35 -0500] "POST /wp-admin/admin-ajax.php HTTP/1.1" 200 47
::1 - - [10/Jun/2022:16:00:39 -0500] "GET /wp-admin/themes.php HTTP/1.1" 200 52909
::1 - - [10/Jun/2022:16:01:31 -0500] "GET /wp-admin/themes.php HTTP/1.1" 200 53072
::1 - - [10/Jun/2022:16:01:32 -0500] "GET /wp-content/themes/yardsales/screenshot.png?ver=1.0 HTTP/1.1" 200 69230
::1 - - [10/Jun/2022:16:01:43 -0500] "GET /wp-admin/themes.php?action=activate&stylesheet=yardsales&_wpnonce=b642bd213c HTTP/1.1" 302 -
::1 - - [10/Jun/2022:16:01:43 -0500] "GET /wp-admin/themes.php?activated=true HTTP/1.1" 200 53217
::1 - - [10/Jun/2022:16:01:44 -0500] "GET /wp-content/themes/yardsales/screenshot.png?ver=1.0 HTTP/1.1" 304 -
::1 - - [10/Jun/2022:16:02:43 -0500] "-" 408 -
::1 - - [10/Jun/2022:16:02:54 -0500] "-" 408 -
::1 - - [10/Jun/2022:16:03:51 -0500] "-" 408 -
::1 - - [10/Jun/2022:16:03:52 -0500] "POST /wp-admin/admin-ajax.php HTTP/1.1" 200 47
::1 - - [10/Jun/2022:16:05:26 -0500] "POST /wp-admin/admin-ajax.php HTTP/1.1" 200 47
::1 - - [10/Jun/2022:16:06:25 -0500] "POST /wp-admin/admin-ajax.php HTTP/1.1" 200 47
::1 - - [10/Jun/2022:16:07:26 -0500] "POST /wp-admin/admin-ajax.php HTTP/1.1" 200 47
::1 - - [10/Jun/2022:16:08:26 -0500] "POST /wp-admin/admin-ajax.php HTTP/1.1" 200 47
::1 - - [10/Jun/2022:16:09:27 -0500] "POST /wp-admin/admin-ajax.php HTTP/1.1" 200 47
::1 - - [10/Jun/2022:16:10:57 -0500] "POST /wp-admin/admin-ajax.php HTTP/1.1" 200 47
::1 - - [10/Jun/2022:16:11:02 -0500] "GET /wp-admin/themes.php HTTP/1.1" 200 53073
::1 - - [10/Jun/2022:16:11:03 -0500] "GET /wp-content/themes/yardsales/screenshot.png?ver=1.0 HTTP/1.1" 304 -
